<?xml version="1.0" encoding="UTF-8"?>
<!-- Generated by org.testng.reporters.JUnitReportReporter -->
<testsuite hostname="LSLT-IT10370" failures="0" tests="2" name="st.testcases.LoginPageTestcases" time="15.023" errors="0" timestamp="28 Nov 2018 12:51:25 GMT" skipped="0">
  <testcase classname="st.testcases.LoginPageTestcases" name="Loginbuttontestcase" time="9.305"/>
  <testcase classname="st.testcases.LoginPageTestcases" name="LoginPageTitleTestcase" time="5.718"/>
</testsuite> <!-- st.testcases.LoginPageTestcases -->
