<?xml version="1.0" encoding="UTF-8"?>
<!-- Generated by org.testng.reporters.JUnitReportReporter -->
<testsuite hostname="LSLT-IT10370" failures="0" tests="1" name="st.testcases.Homepagetestcases" time="13.922" errors="0" timestamp="28 Nov 2018 12:51:25 GMT" skipped="0">
  <testcase classname="st.testcases.Homepagetestcases" name="validatecontacslink" time="13.922"/>
</testsuite> <!-- st.testcases.Homepagetestcases -->
